0104
[2018-01-12 12:55:19]BUS INIT: '
[2018-01-12 12:55:20]
[2018-01-12 12:55:21]r\r>'
[2018-01-12 12:55:22]BUS INIT: .'
[2018-01-12 12:55:23]r\r>'
[2018-01-12 12:55:24]BUS INIT: .'
[2018-01-12 12:55:25]r\r>'
[2018-01-12 12:55:26]BUS INIT: .'
[2018-01-12 12:55:27]r\r>'
[2018-01-12 12:55:28]BUS INIT: .'
[2018-01-12 12:55:29]r\r>'
[2018-01-12 12:55:30]BUS INIT: .'
[2018-01-12 12:55:31]r\r>'
[2018-01-12 12:55:32]BUS INIT: .'
[2018-01-12 12:55:33]r\r>'
[2018-01-12 12:55:34]BUS INIT: .'
[2018-01-12 12:55:35]r\r>'
[2018-01-12 12:55:36]BUS INIT: .'
[2018-01-12 12:55:37]r\r>'
[2018-01-12 12:55:38]BUS INIT: .'
[2018-01-12 12:55:39]r\r>'
[2018-01-12 12:55:40]BUS INIT: .'
[2018-01-12 12:55:41]r\r>'
[2018-01-12 12:55:42]BUS INIT: .'
[2018-01-12 12:55:43]r\r>'
[2018-01-12 12:55:44]BUS INIT: .'
[2018-01-12 12:55:45]r\r>'
[2018-01-12 12:55:46]BUS INIT: .'
[2018-01-12 12:55:47]r\r>'
[2018-01-12 12:55:48]BUS INIT: .'
[2018-01-12 12:55:49]r\r>'
[2018-01-12 12:55:50]BUS INIT: .'
[2018-01-12 12:55:51]r\r>'
[2018-01-12 12:55:52]BUS INIT: .'
[2018-01-12 12:55:53]r\r>'
[2018-01-12 12:55:57]BUS INIT: ..
[2018-01-12 12:55:58]BUS INIT: .'
[2018-01-12 12:55:59]r\r>'
[2018-01-12 12:56:00]BUS INIT: .'
[2018-01-12 12:56:01]r\r>'
[2018-01-12 12:56:02]BUS INIT: .'
[2018-01-12 12:56:03]r\r>'
[2018-01-12 12:56:04]BUS INIT: .'
[2018-01-12 12:56:05]r\r>'
[2018-01-12 12:56:06]BUS INIT: .'
[2018-01-12 12:56:07]r\r>'
[2018-01-12 12:56:08]BUS INIT: .'
[2018-01-12 12:56:09]r\r>'
[2018-01-12 12:56:10]BUS INIT: .'
[2018-01-12 12:56:11]r\r>'
[2018-01-12 12:56:12]BUS INIT: .'
[2018-01-12 12:56:13]r\r>'
[2018-01-12 12:56:14]BUS INIT: .'
[2018-01-12 12:56:15]r\r>'
[2018-01-12 12:56:16]BUS INIT: .'
[2018-01-12 12:56:17]r\r>'
[2018-01-12 12:56:18]BUS INIT: .'
[2018-01-12 12:56:19]r\r>'
[2018-01-12 12:56:20]BUS INIT: .'
[2018-01-12 12:56:22]r\r>'
[2018-01-12 12:56:23]BUS INIT: .'
[2018-01-12 12:56:24]r\r>'
[2018-01-12 12:56:25]BUS INIT: .'
[2018-01-12 12:56:26]r\r>'
[2018-01-12 12:56:27]BUS INIT: .'
[2018-01-12 12:56:28]r\r>'
[2018-01-12 12:56:29]BUS INIT: .'
[2018-01-12 12:56:30]r\r>'
[2018-01-12 12:56:31]BUS INIT: .'
[2018-01-12 12:56:32]r\r>'
[2018-01-12 12:56:33]BUS INIT: .'
[2018-01-12 12:56:34]r\r>'
[2018-01-12 12:56:35]BUS INIT: .'
[2018-01-12 12:56:36]r\r>'
[2018-01-12 12:56:37]BUS INIT: .'
[2018-01-12 12:56:39]r\r>'
[2018-01-12 12:56:40]BUS INIT: .'
[2018-01-12 12:56:41]r\r>'
[2018-01-12 12:56:42]BUS INIT: .'
[2018-01-12 12:56:43]r\r>'
[2018-01-12 12:56:44]BUS INIT: .'
[2018-01-12 12:56:45]r\r>'
[2018-01-12 12:56:46]BUS INIT: .'
[2018-01-12 12:56:47]r\r>'
[2018-01-12 12:56:48]BUS INIT: .'
[2018-01-12 12:56:49]r\r>'
[2018-01-12 12:56:50]BUS INIT: .'
[2018-01-12 12:56:51]r\r>'
[2018-01-12 12:56:52]BUS INIT: .'
[2018-01-12 12:56:53]r\r>'
[2018-01-12 12:56:54]BUS INIT: .'
[2018-01-12 12:56:55]r\r>'
[2018-01-12 12:56:56]BUS INIT: .'
[2018-01-12 12:56:57]r\r>'
[2018-01-12 12:56:58]BUS INIT: .'
[2018-01-12 12:56:59]r\r>'
[2018-01-12 12:57:00]BUS INIT: .'
[2018-01-12 12:57:01]r\r>'
[2018-01-12 12:57:02]BUS INIT: .'
