010C
[2018-01-12 12:40:06]BUS INIT: '
[2018-01-12 12:40:07]
[2018-01-12 12:40:08]r\r>'
[2018-01-12 12:40:09]BUS INIT: .'
[2018-01-12 12:40:10]r\r>'
[2018-01-12 12:40:11]BUS INIT: .'
[2018-01-12 12:40:12]r\r>'
[2018-01-12 12:40:13]BUS INIT: .'
[2018-01-12 12:40:14]r\r>'
[2018-01-12 12:40:15]BUS INIT: .'
[2018-01-12 12:40:16]r\r>'
[2018-01-12 12:40:17]BUS INIT: .'
[2018-01-12 12:40:18]r\r>'
[2018-01-12 12:40:19]BUS INIT: .'
[2018-01-12 12:40:20]r\r>'
[2018-01-12 12:40:21]BUS INIT: .'
[2018-01-12 12:40:22]r\r>'
[2018-01-12 12:40:23]BUS INIT: .'
[2018-01-12 12:40:24]r\r>'
[2018-01-12 12:40:25]BUS INIT: .'
[2018-01-12 12:40:26]r\r>'
[2018-01-12 12:40:27]BUS INIT: .'
[2018-01-12 12:40:28]r\r>'
[2018-01-12 12:40:30]BUS INIT: .'
[2018-01-12 12:40:31]r\r>'
[2018-01-12 12:40:32]BUS INIT: .'
[2018-01-12 12:40:33]r\r>'
[2018-01-12 12:40:34]BUS INIT: .'
[2018-01-12 12:40:35]r\r>'
[2018-01-12 12:40:36]BUS INIT: .'
[2018-01-12 12:40:37]r\r>'
[2018-01-12 12:40:38]BUS INIT: .'
[2018-01-12 12:40:39]r\r>'
[2018-01-12 12:40:40]BUS INIT: .'
[2018-01-12 12:40:41]r\r>'
[2018-01-12 12:40:42]BUS INIT: .'
[2018-01-12 12:40:43]r\r>'
[2018-01-12 12:40:44]BUS INIT: .'
[2018-01-12 12:40:45]r\r>'
[2018-01-12 12:40:46]BUS INIT: .'
[2018-01-12 12:40:47]r\r>'
[2018-01-12 12:40:48]BUS INIT: .'
[2018-01-12 12:40:49]r\r>'
[2018-01-12 12:40:50]BUS INIT: .'
[2018-01-12 12:40:51]r\r>'
[2018-01-12 12:40:52]BUS INIT: .'
[2018-01-12 12:40:53]r\r>'
[2018-01-12 12:40:54]BUS INIT: .'
[2018-01-12 12:40:55]r\r>'
[2018-01-12 12:40:56]BUS INIT: .'
[2018-01-12 12:40:57]r\r>'
[2018-01-12 12:40:58]BUS INIT: .'
[2018-01-12 12:40:59]r\r>'
[2018-01-12 12:41:00]BUS INIT: .'
[2018-01-12 12:41:01]r\r>'
[2018-01-12 12:41:02]BUS INIT: .'
[2018-01-12 12:41:03]r\r>'
[2018-01-12 12:41:04]BUS INIT: .'
[2018-01-12 12:41:05]r\r>'
[2018-01-12 12:41:06]BUS INIT: .'
[2018-01-12 12:41:07]r\r>'
[2018-01-12 12:41:08]BUS INIT: .'
[2018-01-12 12:41:09]r\r>'
[2018-01-12 12:41:10]BUS INIT: .'
[2018-01-12 12:41:11]r\r>'
[2018-01-12 12:41:13]BUS INIT: ..
[2018-01-12 12:41:14]PED\r\r>'
[2018-01-12 12:41:15]41 0C 0E CA 
[2018-01-12 12:41:16]41 0C 0E 50 
[2018-01-12 12:41:17]41 0C 0D D1 
[2018-01-12 12:41:18]41 0C 0D DF 
[2018-01-12 12:41:19]41 0C 0D D5 
[2018-01-12 12:41:20]41 0C 0D C4 
[2018-01-12 12:41:21]41 0C 0D E5 
[2018-01-12 12:41:22]41 0C 0E 0E 
[2018-01-12 12:41:23]41 0C 0D D3 
[2018-01-12 12:41:24]41 0C 0D BB 
[2018-01-12 12:41:25]41 0C 0D C8 
[2018-01-12 12:41:26]41 0C 0E 0E 
[2018-01-12 12:41:27]41 0C 0D B7 
[2018-01-12 12:41:28]41 0C 0D C5 
[2018-01-12 12:41:29]41 0C 0D CB 
[2018-01-12 12:41:30]41 0C 0D FE 
[2018-01-12 12:41:31]41 0C 0D CA 
[2018-01-12 12:41:32]41 0C 0D 9C 
[2018-01-12 12:41:33]41 0C 0D C2 
[2018-01-12 12:41:34]41 0C 0D D9 
[2018-01-12 12:41:35]41 0C 0D B8 
[2018-01-12 12:41:36]41 0C 0D 7E 
[2018-01-12 12:41:37]41 0C 0D D4 
[2018-01-12 12:41:38]41 0C 0D E6 
[2018-01-12 12:41:39]41 0C 0D CC 
[2018-01-12 12:41:40]41 0C 0D 8B 
[2018-01-12 12:41:41]41 0C 0D B1 
[2018-01-12 12:41:42]41 0C 0D EA 
[2018-01-12 12:41:43]41 0C 0D B0 
[2018-01-12 12:41:44]41 0C 0D 96 
[2018-01-12 12:41:45]41 0C 0D D1 
[2018-01-12 12:41:46]41 0C 0D DE 
